  dataAccess.cpp
C:\Users\PC\Downloads\school-project-assignment-online-academy\OnlineAcademy\OnlineAcademy\dataAccess.h(5,43): error C2061: syntax error: identifier 'Student'
C:\Users\PC\Downloads\school-project-assignment-online-academy\OnlineAcademy\OnlineAcademy\dataAccess.h(7,33): error C4430: missing type specifier - int assumed. Note: C++ does not support default-int
C:\Users\PC\Downloads\school-project-assignment-online-academy\OnlineAcademy\OnlineAcademy\dataAccess.h(7,33): error C2143: syntax error: missing ',' before '&'
  menu.cpp
C:\Users\PC\Downloads\school-project-assignment-online-academy\OnlineAcademy\OnlineAcademy\menu.h(7,6): error C2182: 'displayMenu': illegal use of type 'void'
C:\Users\PC\Downloads\school-project-assignment-online-academy\OnlineAcademy\OnlineAcademy\menu.h(7,18): error C2065: 'student': undeclared identifier
C:\Users\PC\Downloads\school-project-assignment-online-academy\OnlineAcademy\OnlineAcademy\menu.h(7,26): error C2146: syntax error: missing ')' before identifier 'currentStudent'
C:\Users\PC\Downloads\school-project-assignment-online-academy\OnlineAcademy\OnlineAcademy\menu.h(25,49): error C2061: syntax error: identifier 'student'
C:\Users\PC\Downloads\school-project-assignment-online-academy\OnlineAcademy\OnlineAcademy\dataAccess.h(5,43): error C2061: syntax error: identifier 'Student'
C:\Users\PC\Downloads\school-project-assignment-online-academy\OnlineAcademy\OnlineAcademy\dataAccess.h(7,33): error C4430: missing type specifier - int assumed. Note: C++ does not support default-int
C:\Users\PC\Downloads\school-project-assignment-online-academy\OnlineAcademy\OnlineAcademy\dataAccess.h(7,33): error C2143: syntax error: missing ',' before '&'
C:\Users\PC\Downloads\school-project-assignment-online-academy\OnlineAcademy\OnlineAcademy\menu.cpp(10,6): error C2365: 'displayMenu': redefinition; previous definition was 'data variable'
C:\Users\PC\Downloads\school-project-assignment-online-academy\OnlineAcademy\OnlineAcademy\menu.h(7): message : see declaration of 'displayMenu'
C:\Users\PC\Downloads\school-project-assignment-online-academy\OnlineAcademy\OnlineAcademy\menu.cpp(23,34): error C2660: 'menu': function does not take 2 arguments
C:\Users\PC\Downloads\school-project-assignment-online-academy\OnlineAcademy\OnlineAcademy\menu.h(25,6): message : see declaration of 'menu'
C:\Users\PC\Downloads\school-project-assignment-online-academy\OnlineAcademy\OnlineAcademy\menu.cpp(39,5): error C2660: 'findStudent': function does not take 2 arguments
C:\Users\PC\Downloads\school-project-assignment-online-academy\OnlineAcademy\OnlineAcademy\dataAccess.h(5,6): message : see declaration of 'findStudent'
C:\Users\PC\Downloads\school-project-assignment-online-academy\OnlineAcademy\OnlineAcademy\menu.cpp(62,2): error C2064: term does not evaluate to a function taking 1 arguments
C:\Users\PC\Downloads\school-project-assignment-online-academy\OnlineAcademy\OnlineAcademy\menu.cpp(96,27): warning C4267: 'argument': conversion from 'size_t' to 'int', possible loss of data
C:\Users\PC\Downloads\school-project-assignment-online-academy\OnlineAcademy\OnlineAcademy\menu.cpp(103,27): warning C4267: 'argument': conversion from 'size_t' to 'int', possible loss of data
C:\Users\PC\Downloads\school-project-assignment-online-academy\OnlineAcademy\OnlineAcademy\menu.cpp(118,27): warning C4267: 'argument': conversion from 'size_t' to 'int', possible loss of data
C:\Users\PC\Downloads\school-project-assignment-online-academy\OnlineAcademy\OnlineAcademy\menu.cpp(125,27): warning C4267: 'argument': conversion from 'size_t' to 'int', possible loss of data
C:\Users\PC\Downloads\school-project-assignment-online-academy\OnlineAcademy\OnlineAcademy\menu.cpp(314,18): warning C4129: '_': unrecognized character escape sequence
C:\Users\PC\Downloads\school-project-assignment-online-academy\OnlineAcademy\OnlineAcademy\menu.cpp(332,19): warning C4129: '_': unrecognized character escape sequence
C:\Users\PC\Downloads\school-project-assignment-online-academy\OnlineAcademy\OnlineAcademy\menu.cpp(491,19): warning C4129: '_': unrecognized character escape sequence
C:\Users\PC\Downloads\school-project-assignment-online-academy\OnlineAcademy\OnlineAcademy\menu.cpp(617,21): warning C4566: character represented by universal-character-name '\u03B3' cannot be represented in the current code page (1252)
  main.cpp
C:\Users\PC\Downloads\school-project-assignment-online-academy\OnlineAcademy\OnlineAcademy\menu.h(7,6): error C2182: 'displayMenu': illegal use of type 'void'
C:\Users\PC\Downloads\school-project-assignment-online-academy\OnlineAcademy\OnlineAcademy\menu.h(7,18): error C2065: 'student': undeclared identifier
C:\Users\PC\Downloads\school-project-assignment-online-academy\OnlineAcademy\OnlineAcademy\menu.h(7,26): error C2146: syntax error: missing ')' before identifier 'currentStudent'
C:\Users\PC\Downloads\school-project-assignment-online-academy\OnlineAcademy\OnlineAcademy\menu.h(25,49): error C2061: syntax error: identifier 'student'
  quiz.cpp
  quiz_10grade.cpp
  results.cpp
  Generating Code...
